<?xml version="1.0" encoding="UTF-8"?>
<!-- Generated by org.testng.reporters.JUnitReportReporter -->
<testsuite hostname="IND-CHN-LT12568" failures="0" tests="3" name="testCases.TestCasesForUser" time="10.236" errors="0" timestamp="2024-03-13T20:51:27 IST" skipped="0">
  <testcase classname="testCases.TestCasesForUser" name="userCreationTest" time="4.843"/>
  <testcase classname="testCases.TestCasesForUser" name="getUserDetailsTest" time="2.467"/>
  <testcase classname="testCases.TestCasesForUser" name="updateUserDetailsTest" time="2.926"/>
</testsuite> <!-- testCases.TestCasesForUser -->
